Add Component: Footprint Not Found CCAP-5P0
Add Component: Footprint Not Found CCAP-5P0
Add Component: Footprint Not Found 1N4007-MFG
Add Component: Footprint Not Found ECE-600102STTH
Add Component: Footprint Not Found ECE-600102STTH
Add Component: Footprint Not Found ECE-600104STTH
Add Component: Footprint Not Found AXIAL-0.4
Add Component: Footprint Not Found ECE-TO220ABTH
Added Net: Name=3V3
Added Net: Name=5V
Added Net: Name=6V
Added Net: Name=GND
Added Net: Name=NetD1_1
Added Net: Name=Vin
Added Class: Name=schematic
Added Rule: Name=Schematic Supply Nets
Added Rule: Name=Schematic Supply Nets_1
Added Rule: Name=Schematic Supply Nets_2
Added Rule: Name=Schematic Supply Nets_3
Added Rule: Name=Schematic Supply Nets_4
