Add Component: Footprint Not Found CCAP-5P0
Add Component: Footprint Not Found CCAP-5P0
Add Component: Footprint Not Found 1N4007-MFG
Added Component: Designator=P1(ECE-600102STTH)
Add component (AddParameter): Name = "Assembly Method"; Value = "Through hole"; VariantName = "[No Variations]"
Add component (AddParameter): Name = "Category"; Value = "Connector"; VariantName = "[No Variations]"
Add component (AddParameter): Name = "Component Type"; Value = "NA"; VariantName = "[No Variations]"
Add component (AddParameter): Name = "Datasheet Link"; Value = "http://share.engineering.auckland.ac.nz/ece/ts/Student%20Documents/polarised_connectors.pdf"; VariantName = "[No Variations]"
Add component (AddParameter): Name = "Item Type"; Value = "Item"; VariantName = "[No Variations]"
Add component (AddParameter): Name = "Manufactuer"; Value = "GTK"; VariantName = "[No Variations]"
Add component (AddParameter): Name = "Manufacturer-PN"; Value = "600102ST"; VariantName = "[No Variations]"
Add component (AddParameter): Name = "Path"; Value = "ece/ts/Lists/Stock Inventory"; VariantName = "[No Variations]"
Add component (AddParameter): Name = "Size/Package"; Value = "2.54 Radial"; VariantName = "[No Variations]"
Add component (AddParameter): Name = "Status"; Value = "Active"; VariantName = "[No Variations]"
Add component (AddParameter): Name = "Supplier1"; Value = "Elecon"; VariantName = "[No Variations]"
Add component (AddParameter): Name = "Supplier1-PN"; Value = "YY3N02"; VariantName = "[No Variations]"
Add component (AddParameter): Name = "Supplier2"; Value = "Active Components"; VariantName = "[No Variations]"
Add component (AddParameter): Name = "Supplier2-PN"; Value = "600102ST"; VariantName = "[No Variations]"
Add component (AddParameter): Name = "UoA Stock#"; Value = "CON000001"; VariantName = "[No Variations]"
Add component (AddParameter): Name = "Value"; Value = "2 Way"; VariantName = "[No Variations]"
Added Component: Designator=P2(ECE-600102STTH)
Add component (AddParameter): Name = "Assembly Method"; Value = "Through hole"; VariantName = "[No Variations]"
Add component (AddParameter): Name = "Category"; Value = "Connector"; VariantName = "[No Variations]"
Add component (AddParameter): Name = "Component Type"; Value = "NA"; VariantName = "[No Variations]"
Add component (AddParameter): Name = "Datasheet Link"; Value = "http://share.engineering.auckland.ac.nz/ece/ts/Student%20Documents/polarised_connectors.pdf"; VariantName = "[No Variations]"
Add component (AddParameter): Name = "Item Type"; Value = "Item"; VariantName = "[No Variations]"
Add component (AddParameter): Name = "Manufactuer"; Value = "GTK"; VariantName = "[No Variations]"
Add component (AddParameter): Name = "Manufacturer-PN"; Value = "600102ST"; VariantName = "[No Variations]"
Add component (AddParameter): Name = "Path"; Value = "ece/ts/Lists/Stock Inventory"; VariantName = "[No Variations]"
Add component (AddParameter): Name = "Size/Package"; Value = "2.54 Radial"; VariantName = "[No Variations]"
Add component (AddParameter): Name = "Status"; Value = "Active"; VariantName = "[No Variations]"
Add component (AddParameter): Name = "Supplier1"; Value = "Elecon"; VariantName = "[No Variations]"
Add component (AddParameter): Name = "Supplier1-PN"; Value = "YY3N02"; VariantName = "[No Variations]"
Add component (AddParameter): Name = "Supplier2"; Value = "Active Components"; VariantName = "[No Variations]"
Add component (AddParameter): Name = "Supplier2-PN"; Value = "600102ST"; VariantName = "[No Variations]"
Add component (AddParameter): Name = "UoA Stock#"; Value = "CON000001"; VariantName = "[No Variations]"
Add component (AddParameter): Name = "Value"; Value = "2 Way"; VariantName = "[No Variations]"
Add Component: Footprint Not Found AXIAL-0.4
Add Component: Footprint Not Found MODULE_ESP32-DEVKITC
Added Component: Designator=VR1(ECE-TO220ABTH)
Add component (AddParameter): Name = "Assembly Method"; Value = "Through hole"; VariantName = "[No Variations]"
Add component (AddParameter): Name = "Category"; Value = "Regulator"; VariantName = "[No Variations]"
Add component (AddParameter): Name = "Item Type"; Value = "Item"; VariantName = "[No Variations]"
Add component (AddParameter): Name = "Manufactuer"; Value = "ST Microelectronics"; VariantName = "[No Variations]"
Add component (AddParameter): Name = "Manufacturer-PN"; Value = "L7805CV"; VariantName = "[No Variations]"
Add component (AddParameter): Name = "Path"; Value = "ece/ts/Lists/Stock Inventory"; VariantName = "[No Variations]"
Add component (AddParameter): Name = "Size/Package"; Value = "TO220"; VariantName = "[No Variations]"
Add component (AddParameter): Name = "Status"; Value = "Active"; VariantName = "[No Variations]"
Add component (AddParameter): Name = "Supplier1"; Value = "Digikey"; VariantName = "[No Variations]"
Add component (AddParameter): Name = "Supplier1-PN"; Value = "497-1443-5-ND"; VariantName = "[No Variations]"
Add component (AddParameter): Name = "UoA Stock#"; Value = "REG000007"; VariantName = "[No Variations]"
Add component (AddParameter): Name = "Value"; Value = "L7805CV"; VariantName = "[No Variations]"
Add component (AddParameter): Name = "Voltage/Current"; Value = "5V/1.5A"; VariantName = "[No Variations]"
Added Pin To Net: NetName=3V3 Pin=P2-1
Added Pin To Net: NetName=3V3 Pin=P2-2
Added Net: Name=3V3
Added Pin To Net: NetName=5V Pin=P1-1
Added Pin To Net: NetName=5V Pin=VR1-3
Added Net: Name=5V
Added Pin To Net: NetName=6V Pin=VR1-1
Added Net: Name=6V
Added Pin To Net: NetName=NetD1_1 Pin=P1-2
Added Net: Name=NetD1_1
Added Class: Name=schematic
Added Rule: Name=Schematic Supply Nets
Added Rule: Name=Schematic Supply Nets_1
Added Rule: Name=Schematic Supply Nets_2
