Added Component: Designator=C1(CCAP-5P0)
Add component (AddParameter): Name = "Value"; Value = ""; VariantName = "[No Variations]"
Added Component: Designator=C2(CCAP-5P0)
Add component (AddParameter): Name = "Value"; Value = ""; VariantName = "[No Variations]"
Added Component: Designator=D1(1N4007-MFG)
Add component (AddParameter): Name = "ComponentLink1Description"; Value = "https://www.fairchildsemi.com/datasheets/1N/1N914.pdf"; VariantName = "[No Variations]"
Add component (AddParameter): Name = "ComponentLink1URL"; Value = "https://www.fairchildsemi.com/datasheets/1N/1N914.pdf"; VariantName = "[No Variations]"
Add component (AddParameter): Name = "Supplier 1"; Value = "Digi-Key"; VariantName = "[No Variations]"
Add component (AddParameter): Name = "Supplier Part Number 1"; Value = "1N4007RLGOSCT-ND"; VariantName = "[No Variations]"
Added Component: Designator=P1(ECE-600102STTH)
Add component (AddParameter): Name = "Assembly Method"; Value = "Through hole"; VariantName = "[No Variations]"
Add component (AddParameter): Name = "Category"; Value = "Connector"; VariantName = "[No Variations]"
Add component (AddParameter): Name = "Component Type"; Value = "NA"; VariantName = "[No Variations]"
Add component (AddParameter): Name = "Datasheet Link"; Value = "http://share.engineering.auckland.ac.nz/ece/ts/Student%20Documents/polarised_connectors.pdf"; VariantName = "[No Variations]"
Add component (AddParameter): Name = "Item Type"; Value = "Item"; VariantName = "[No Variations]"
Add component (AddParameter): Name = "Manufactuer"; Value = "GTK"; VariantName = "[No Variations]"
Add component (AddParameter): Name = "Manufacturer-PN"; Value = "600102ST"; VariantName = "[No Variations]"
Add component (AddParameter): Name = "Path"; Value = "ece/ts/Lists/Stock Inventory"; VariantName = "[No Variations]"
Add component (AddParameter): Name = "Size/Package"; Value = "2.54 Radial"; VariantName = "[No Variations]"
Add component (AddParameter): Name = "Status"; Value = "Active"; VariantName = "[No Variations]"
Add component (AddParameter): Name = "Supplier1"; Value = "Elecon"; VariantName = "[No Variations]"
Add component (AddParameter): Name = "Supplier1-PN"; Value = "YY3N02"; VariantName = "[No Variations]"
Add component (AddParameter): Name = "Supplier2"; Value = "Active Components"; VariantName = "[No Variations]"
Add component (AddParameter): Name = "Supplier2-PN"; Value = "600102ST"; VariantName = "[No Variations]"
Add component (AddParameter): Name = "UoA Stock#"; Value = "CON000001"; VariantName = "[No Variations]"
Add component (AddParameter): Name = "Value"; Value = "2 Way"; VariantName = "[No Variations]"
Added Component: Designator=P2(ECE-600102STTH)
Add component (AddParameter): Name = "Assembly Method"; Value = "Through hole"; VariantName = "[No Variations]"
Add component (AddParameter): Name = "Category"; Value = "Connector"; VariantName = "[No Variations]"
Add component (AddParameter): Name = "Component Type"; Value = "NA"; VariantName = "[No Variations]"
Add component (AddParameter): Name = "Datasheet Link"; Value = "http://share.engineering.auckland.ac.nz/ece/ts/Student%20Documents/polarised_connectors.pdf"; VariantName = "[No Variations]"
Add component (AddParameter): Name = "Item Type"; Value = "Item"; VariantName = "[No Variations]"
Add component (AddParameter): Name = "Manufactuer"; Value = "GTK"; VariantName = "[No Variations]"
Add component (AddParameter): Name = "Manufacturer-PN"; Value = "600102ST"; VariantName = "[No Variations]"
Add component (AddParameter): Name = "Path"; Value = "ece/ts/Lists/Stock Inventory"; VariantName = "[No Variations]"
Add component (AddParameter): Name = "Size/Package"; Value = "2.54 Radial"; VariantName = "[No Variations]"
Add component (AddParameter): Name = "Status"; Value = "Active"; VariantName = "[No Variations]"
Add component (AddParameter): Name = "Supplier1"; Value = "Elecon"; VariantName = "[No Variations]"
Add component (AddParameter): Name = "Supplier1-PN"; Value = "YY3N02"; VariantName = "[No Variations]"
Add component (AddParameter): Name = "Supplier2"; Value = "Active Components"; VariantName = "[No Variations]"
Add component (AddParameter): Name = "Supplier2-PN"; Value = "600102ST"; VariantName = "[No Variations]"
Add component (AddParameter): Name = "UoA Stock#"; Value = "CON000001"; VariantName = "[No Variations]"
Add component (AddParameter): Name = "Value"; Value = "2 Way"; VariantName = "[No Variations]"
Added Component: Designator=P?(ECE-600104STTH)
Add component (AddParameter): Name = "Assembly Method"; Value = "Through hole"; VariantName = "[No Variations]"
Add component (AddParameter): Name = "Category"; Value = "Connector"; VariantName = "[No Variations]"
Add component (AddParameter): Name = "Component Type"; Value = "NA"; VariantName = "[No Variations]"
Add component (AddParameter): Name = "Datasheet Link"; Value = "http://share.engineering.auckland.ac.nz/ece/ts/Student%20Documents/polarised_connectors.pdf"; VariantName = "[No Variations]"
Add component (AddParameter): Name = "Item Type"; Value = "Item"; VariantName = "[No Variations]"
Add component (AddParameter): Name = "Manufactuer"; Value = "GTK"; VariantName = "[No Variations]"
Add component (AddParameter): Name = "Manufacturer-PN"; Value = "600104ST"; VariantName = "[No Variations]"
Add component (AddParameter): Name = "Path"; Value = "ece/ts/Lists/Stock Inventory"; VariantName = "[No Variations]"
Add component (AddParameter): Name = "Size/Package"; Value = "2.54 Radial"; VariantName = "[No Variations]"
Add component (AddParameter): Name = "Status"; Value = "Active"; VariantName = "[No Variations]"
Add component (AddParameter): Name = "Supplier1"; Value = "Elecon"; VariantName = "[No Variations]"
Add component (AddParameter): Name = "Supplier1-PN"; Value = "YY3N04"; VariantName = "[No Variations]"
Add component (AddParameter): Name = "Supplier2"; Value = "Active Components"; VariantName = "[No Variations]"
Add component (AddParameter): Name = "Supplier2-PN"; Value = "600104ST"; VariantName = "[No Variations]"
Add component (AddParameter): Name = "UoA Stock#"; Value = "CON000003"; VariantName = "[No Variations]"
Add component (AddParameter): Name = "Value"; Value = "4 Way"; VariantName = "[No Variations]"
Added Component: Designator=R1(AXIAL-0.4)
Add component (AddParameter): Name = "ComponentLink1Description"; Value = "http://www.royalohm.com/pdf/product2017/PrecisionMetalMF.pdf"; VariantName = "[No Variations]"
Add component (AddParameter): Name = "LatestRevisionDate"; Value = "17-Jul-2002"; VariantName = "[No Variations]"
Add component (AddParameter): Name = "LatestRevisionNote"; Value = "Re-released for DXP Platform."; VariantName = "[No Variations]"
Add component (AddParameter): Name = "PackageReference"; Value = "AXIAL-0.4"; VariantName = "[No Variations]"
Add component (AddParameter): Name = "Published"; Value = "8-Jun-2000"; VariantName = "[No Variations]"
Add component (AddParameter): Name = "Publisher"; Value = "Altium Limited"; VariantName = "[No Variations]"
Add component (AddParameter): Name = "Value"; Value = ""; VariantName = "[No Variations]"
Added Component: Designator=U2(MODULE_ESP32-DEVKITC)
Add component (AddParameter): Name = "Check_prices"; Value = "https://www.snapeda.com/parts/ESP32-DEVKITC/Espressif+Systems/view-part/?ref=eda"; VariantName = "[No Variations]"
Add component (AddParameter): Name = "MF"; Value = "Espressif Systems"; VariantName = "[No Variations]"
Add component (AddParameter): Name = "MP"; Value = "ESP32-DEVKITC"; VariantName = "[No Variations]"
Add component (AddParameter): Name = "Package"; Value = "None"; VariantName = "[No Variations]"
Add component (AddParameter): Name = "SnapEDA_Link"; Value = "https://www.snapeda.com/parts/ESP32-DEVKITC/Espressif+Systems/view-part/?ref=snap"; VariantName = "[No Variations]"
Add component (AddParameter): Name = "Value"; Value = ""; VariantName = "[No Variations]"
Added Component: Designator=VR1(ECE-TO220ABTH)
Add component (AddParameter): Name = "Assembly Method"; Value = "Through hole"; VariantName = "[No Variations]"
Add component (AddParameter): Name = "Category"; Value = "Regulator"; VariantName = "[No Variations]"
Add component (AddParameter): Name = "Item Type"; Value = "Item"; VariantName = "[No Variations]"
Add component (AddParameter): Name = "Manufactuer"; Value = "ST Microelectronics"; VariantName = "[No Variations]"
Add component (AddParameter): Name = "Manufacturer-PN"; Value = "L7805CV"; VariantName = "[No Variations]"
Add component (AddParameter): Name = "Path"; Value = "ece/ts/Lists/Stock Inventory"; VariantName = "[No Variations]"
Add component (AddParameter): Name = "Size/Package"; Value = "TO220"; VariantName = "[No Variations]"
Add component (AddParameter): Name = "Status"; Value = "Active"; VariantName = "[No Variations]"
Add component (AddParameter): Name = "Supplier1"; Value = "Digikey"; VariantName = "[No Variations]"
Add component (AddParameter): Name = "Supplier1-PN"; Value = "497-1443-5-ND"; VariantName = "[No Variations]"
Add component (AddParameter): Name = "UoA Stock#"; Value = "REG000007"; VariantName = "[No Variations]"
Add component (AddParameter): Name = "Value"; Value = "L7805CV"; VariantName = "[No Variations]"
Add component (AddParameter): Name = "Voltage/Current"; Value = "5V/1.5A"; VariantName = "[No Variations]"
Added Pin To Net: NetName=6V Pin=C1-1
Added Pin To Net: NetName=5V Pin=C1-2
Added Pin To Net: NetName=5V Pin=C2-1
Added Pin To Net: NetName=5V Pin=C2-2
Added Pin To Net: NetName=NetD1_1 Pin=D1-1
Added Pin To Net: NetName=6V Pin=D1-2
Added Pin To Net: NetName=5V Pin=P1-1
Added Pin To Net: NetName=NetD1_1 Pin=P1-2
Added Pin To Net: NetName=3V3 Pin=P2-1
Added Pin To Net: NetName=Vin Pin=P2-2
Added Pin To Net: NetName=3V3 Pin=P?-1
Added Pin To Net: NetName=5V Pin=P?-2
Added Pin To Net: NetName=Vin Pin=P?-3
Added Pin To Net: NetName=5V Pin=P?-4
Added Pin To Net: NetName=5V Pin=R1-1
Added Pin To Net: NetName=Vin Pin=R1-2
Added Pin To Net: NetName=3V3 Pin=U2-1
Added Pin To Net: NetName=3V3 Pin=U2-2
Added Pin To Net: NetName=Vin Pin=U2-3
Added Pin To Net: NetName=5V Pin=U2-4
Added Pin To Net: NetName=5V Pin=U2-14
Added Pin To Net: NetName=5V Pin=U2-19
Added Pin To Net: NetName=5V Pin=U2-20
Added Pin To Net: NetName=6V Pin=VR1-1
Added Pin To Net: NetName=5V Pin=VR1-2
Added Pin To Net: NetName=5V Pin=VR1-3
Added Member To Class: ClassName=schematic Member=Component C1 10uF
Added Member To Class: ClassName=schematic Member=Component C2 10uF
Added Member To Class: ClassName=schematic Member=Component D1 1N4007
Added Member To Class: ClassName=schematic Member=Component P1 2 Way
Added Member To Class: ClassName=schematic Member=Component P2 2 Way
Added Member To Class: ClassName=schematic Member=Component P? 4 Way
Added Member To Class: ClassName=schematic Member=Component R1 27k
Added Member To Class: ClassName=schematic Member=Component U2 ESP32-DEVKITC
Added Member To Class: ClassName=schematic Member=Component VR1 L7805CV
