Add Component: Footprint Not Found CCAP-5P0
Add Component: Footprint Not Found CCAP-5P0
Add Component: Footprint Not Found 1N4007-MFG
Added Component: Designator=P1(ECE-600102STTH)
Add component (AddParameter): Name = "Assembly Method"; Value = "Through hole"; VariantName = "[No Variations]"
Add component (AddParameter): Name = "Category"; Value = "Connector"; VariantName = "[No Variations]"
Add component (AddParameter): Name = "Component Type"; Value = "NA"; VariantName = "[No Variations]"
Add component (AddParameter): Name = "Datasheet Link"; Value = "http://share.engineering.auckland.ac.nz/ece/ts/Student%20Documents/polarised_connectors.pdf"; VariantName = "[No Variations]"
Add component (AddParameter): Name = "Item Type"; Value = "Item"; VariantName = "[No Variations]"
Add component (AddParameter): Name = "Manufactuer"; Value = "GTK"; VariantName = "[No Variations]"
Add component (AddParameter): Name = "Manufacturer-PN"; Value = "600102ST"; VariantName = "[No Variations]"
Add component (AddParameter): Name = "Path"; Value = "ece/ts/Lists/Stock Inventory"; VariantName = "[No Variations]"
Add component (AddParameter): Name = "Size/Package"; Value = "2.54 Radial"; VariantName = "[No Variations]"
Add component (AddParameter): Name = "Status"; Value = "Active"; VariantName = "[No Variations]"
Add component (AddParameter): Name = "Supplier1"; Value = "Elecon"; VariantName = "[No Variations]"
Add component (AddParameter): Name = "Supplier1-PN"; Value = "YY3N02"; VariantName = "[No Variations]"
Add component (AddParameter): Name = "Supplier2"; Value = "Active Components"; VariantName = "[No Variations]"
Add component (AddParameter): Name = "Supplier2-PN"; Value = "600102ST"; VariantName = "[No Variations]"
Add component (AddParameter): Name = "UoA Stock#"; Value = "CON000001"; VariantName = "[No Variations]"
Add component (AddParameter): Name = "Value"; Value = "2 Way"; VariantName = "[No Variations]"
Added Component: Designator=P2(ECE-600102STTH)
Add component (AddParameter): Name = "Assembly Method"; Value = "Through hole"; VariantName = "[No Variations]"
Add component (AddParameter): Name = "Category"; Value = "Connector"; VariantName = "[No Variations]"
Add component (AddParameter): Name = "Component Type"; Value = "NA"; VariantName = "[No Variations]"
Add component (AddParameter): Name = "Datasheet Link"; Value = "http://share.engineering.auckland.ac.nz/ece/ts/Student%20Documents/polarised_connectors.pdf"; VariantName = "[No Variations]"
Add component (AddParameter): Name = "Item Type"; Value = "Item"; VariantName = "[No Variations]"
Add component (AddParameter): Name = "Manufactuer"; Value = "GTK"; VariantName = "[No Variations]"
Add component (AddParameter): Name = "Manufacturer-PN"; Value = "600102ST"; VariantName = "[No Variations]"
Add component (AddParameter): Name = "Path"; Value = "ece/ts/Lists/Stock Inventory"; VariantName = "[No Variations]"
Add component (AddParameter): Name = "Size/Package"; Value = "2.54 Radial"; VariantName = "[No Variations]"
Add component (AddParameter): Name = "Status"; Value = "Active"; VariantName = "[No Variations]"
Add component (AddParameter): Name = "Supplier1"; Value = "Elecon"; VariantName = "[No Variations]"
Add component (AddParameter): Name = "Supplier1-PN"; Value = "YY3N02"; VariantName = "[No Variations]"
Add component (AddParameter): Name = "Supplier2"; Value = "Active Components"; VariantName = "[No Variations]"
Add component (AddParameter): Name = "Supplier2-PN"; Value = "600102ST"; VariantName = "[No Variations]"
Add component (AddParameter): Name = "UoA Stock#"; Value = "CON000001"; VariantName = "[No Variations]"
Add component (AddParameter): Name = "Value"; Value = "2 Way"; VariantName = "[No Variations]"
Added Component: Designator=P3(ECE-600104STTH)
Add component (AddParameter): Name = "Assembly Method"; Value = "Through hole"; VariantName = "[No Variations]"
Add component (AddParameter): Name = "Category"; Value = "Connector"; VariantName = "[No Variations]"
Add component (AddParameter): Name = "Component Type"; Value = "NA"; VariantName = "[No Variations]"
Add component (AddParameter): Name = "Datasheet Link"; Value = "http://share.engineering.auckland.ac.nz/ece/ts/Student%20Documents/polarised_connectors.pdf"; VariantName = "[No Variations]"
Add component (AddParameter): Name = "Item Type"; Value = "Item"; VariantName = "[No Variations]"
Add component (AddParameter): Name = "Manufactuer"; Value = "GTK"; VariantName = "[No Variations]"
Add component (AddParameter): Name = "Manufacturer-PN"; Value = "600104ST"; VariantName = "[No Variations]"
Add component (AddParameter): Name = "Path"; Value = "ece/ts/Lists/Stock Inventory"; VariantName = "[No Variations]"
Add component (AddParameter): Name = "Size/Package"; Value = "2.54 Radial"; VariantName = "[No Variations]"
Add component (AddParameter): Name = "Status"; Value = "Active"; VariantName = "[No Variations]"
Add component (AddParameter): Name = "Supplier1"; Value = "Elecon"; VariantName = "[No Variations]"
Add component (AddParameter): Name = "Supplier1-PN"; Value = "YY3N04"; VariantName = "[No Variations]"
Add component (AddParameter): Name = "Supplier2"; Value = "Active Components"; VariantName = "[No Variations]"
Add component (AddParameter): Name = "Supplier2-PN"; Value = "600104ST"; VariantName = "[No Variations]"
Add component (AddParameter): Name = "UoA Stock#"; Value = "CON000003"; VariantName = "[No Variations]"
Add component (AddParameter): Name = "Value"; Value = "4 Way"; VariantName = "[No Variations]"
Add Component: Footprint Not Found AXIAL-0.4
Added Component: Designator=VR1(ECE-TO220ABTH)
Add component (AddParameter): Name = "Assembly Method"; Value = "Through hole"; VariantName = "[No Variations]"
Add component (AddParameter): Name = "Category"; Value = "Regulator"; VariantName = "[No Variations]"
Add component (AddParameter): Name = "Item Type"; Value = "Item"; VariantName = "[No Variations]"
Add component (AddParameter): Name = "Manufactuer"; Value = "ST Microelectronics"; VariantName = "[No Variations]"
Add component (AddParameter): Name = "Manufacturer-PN"; Value = "L7805CV"; VariantName = "[No Variations]"
Add component (AddParameter): Name = "Path"; Value = "ece/ts/Lists/Stock Inventory"; VariantName = "[No Variations]"
Add component (AddParameter): Name = "Size/Package"; Value = "TO220"; VariantName = "[No Variations]"
Add component (AddParameter): Name = "Status"; Value = "Active"; VariantName = "[No Variations]"
Add component (AddParameter): Name = "Supplier1"; Value = "Digikey"; VariantName = "[No Variations]"
Add component (AddParameter): Name = "Supplier1-PN"; Value = "497-1443-5-ND"; VariantName = "[No Variations]"
Add component (AddParameter): Name = "UoA Stock#"; Value = "REG000007"; VariantName = "[No Variations]"
Add component (AddParameter): Name = "Value"; Value = "L7805CV"; VariantName = "[No Variations]"
Add component (AddParameter): Name = "Voltage/Current"; Value = "5V/1.5A"; VariantName = "[No Variations]"
Add Pin To Net: Unknown Pin: Pin C1-1
Add Pin To Net: Unknown Pin: Pin C1-2
Add Pin To Net: Unknown Pin: Pin C2-1
Add Pin To Net: Unknown Pin: Pin C2-2
Add Pin To Net: Unknown Pin: Pin D1-1
Add Pin To Net: Unknown Pin: Pin D1-2
Added Pin To Net: NetName=GND Pin=P1-1
Added Pin To Net: NetName=NetD1_1 Pin=P1-2
Added Pin To Net: NetName=3V3 Pin=P2-1
Added Pin To Net: NetName=Vin Pin=P2-2
Added Pin To Net: NetName=GND Pin=P3-1
Added Pin To Net: NetName=3V3 Pin=P3-2
Added Pin To Net: NetName=5V Pin=P3-3
Added Pin To Net: NetName=Vin Pin=P3-4
Add Pin To Net: Unknown Pin: Pin R1-1
Add Pin To Net: Unknown Pin: Pin R1-2
Added Pin To Net: NetName=6V Pin=VR1-1
Added Pin To Net: NetName=GND Pin=VR1-2
Added Pin To Net: NetName=5V Pin=VR1-3
Add Class Member: Failed to add class member : Component C1 10uF
Add Class Member: Failed to add class member : Component C2 10uF
Add Class Member: Failed to add class member : Component D1 1N4007
Added Member To Class: ClassName=schematic Member=Component P1 2 Way
Added Member To Class: ClassName=schematic Member=Component P2 2 Way
Added Member To Class: ClassName=schematic Member=Component P3 4 Way
Add Class Member: Failed to add class member : Component R1 27k
Added Member To Class: ClassName=schematic Member=Component VR1 L7805CV
